Arguments: 
  C:\Program Files\nodejs\node.exe C:\Users\harun\AppData\Roaming\npm\node_modules\yarn\bin\yarn.js install --modules-folder ./vendor

PATH: 
  C:\cmder_mini\bin;C:\cmder_mini\vendor\conemu-maximus5\ConEmu\Scripts;C:\cmder_mini\vendor\conemu-maximus5;C:\cmder_mini\vendor\conemu-maximus5\ConEmu;C:\oraclexe\app\oracle\product\11.2.0\server\bin;;C:\ProgramData\Oracle\Java\javapath;C:\WINDOWS\system32;C:\WINDOWS;C:\WINDOWS\System32\Wbem;C:\WINDOWS\System32\WindowsPowerShell\v1.0\;C:\Program Files (x86)\Aspel\Aspel-NOI 7.0\;C:\Program Files\Git\cmd;C:\Program Files\nodejs\;C:\Users\harun\AppData\Local\Microsoft\WindowsApps;C:\Users\harun\AppData\Roaming\npm;C:\Program Files\Git\usr\bin;C:\Program Files\Git\usr\share\vim\vim74;C:\cmder_mini\

Yarn version: 
  1.2.1

Node version: 
  6.11.3

Platform: 
  win32 x64

npm manifest: 
  {
    "name": "YesOfCourse",
    "version": "1.0.0",
    "description": "University project",
    "main": "index.php",
    "repository": "https://github.com/richardosauriorex/YesOfCourse.git",
    "author": "richardosauriorex <richarm_zero@hotmail.com>",
    "license": "MIT",
    "dependencies": {
      "quill": "^1.3.3",
      "font-awesome" : "^4.7.0",
      "bootstrap" : "^4.0.0.beta.2",
      "jquery": "^3.2.1"
    }
  }
  /* yarn install --modules-folder ./vendor --frozen-lockfile*/

yarn manifest: 
  No manifest

Lockfile: 
  # THIS IS AN AUTOGENERATED FILE. DO NOT EDIT THIS FILE DIRECTLY.
  # yarn lockfile v1
  
  
  bootstrap@^4.0.0.beta.2:
    version "4.0.0-beta.2"
    resolved "https://registry.yarnpkg.com/bootstrap/-/bootstrap-4.0.0-beta.2.tgz#4d67d2aa2219f062cd90bc1247e6747b9e8fd051"
  
  clone@~2.1.1:
    version "2.1.1"
    resolved "https://registry.yarnpkg.com/clone/-/clone-2.1.1.tgz#d217d1e961118e3ac9a4b8bba3285553bf647cdb"
  
  deep-equal@^1.0.1, deep-equal@~1.0.1:
    version "1.0.1"
    resolved "https://registry.yarnpkg.com/deep-equal/-/deep-equal-1.0.1.tgz#f5d260292b660e084eff4cdbc9f08ad3247448b5"
  
  eventemitter3@~2.0.3:
    version "2.0.3"
    resolved "https://registry.yarnpkg.com/eventemitter3/-/eventemitter3-2.0.3.tgz#b5e1079b59fb5e1ba2771c0a993be060a58c99ba"
  
  extend@^3.0.1, extend@~3.0.1:
    version "3.0.1"
    resolved "https://registry.yarnpkg.com/extend/-/extend-3.0.1.tgz#a755ea7bc1adfcc5a31ce7e762dbaadc5e636444"
  
  fast-diff@1.1.2:
    version "1.1.2"
    resolved "https://registry.yarnpkg.com/fast-diff/-/fast-diff-1.1.2.tgz#4b62c42b8e03de3f848460b639079920695d0154"
  
  font-awesome@^4.7.0:
    version "4.7.0"
    resolved "https://registry.yarnpkg.com/font-awesome/-/font-awesome-4.7.0.tgz#8fa8cf0411a1a31afd07b06d2902bb9fc815a133"
  
  jquery@^3.2.1:
    version "3.2.1"
    resolved "https://registry.yarnpkg.com/jquery/-/jquery-3.2.1.tgz#5c4d9de652af6cd0a770154a631bba12b015c787"
  
  parchment@1.1.0:
    version "1.1.0"
    resolved "https://registry.yarnpkg.com/parchment/-/parchment-1.1.0.tgz#c79387a80fc4af4ba8947b94fc55a835f62850a5"
  
  quill-delta@3.6.2:
    version "3.6.2"
    resolved "https://registry.yarnpkg.com/quill-delta/-/quill-delta-3.6.2.tgz#76eed0163b8b09a076fba6ade29307c42b40b8d8"
    dependencies:
      deep-equal "^1.0.1"
      extend "^3.0.1"
      fast-diff "1.1.2"
  
  quill@^1.3.3:
    version "1.3.3"
    resolved "https://registry.yarnpkg.com/quill/-/quill-1.3.3.tgz#c04dd17a07cdd7fc32d03db05b20bae73b02fbbf"
    dependencies:
      clone "~2.1.1"
      deep-equal "~1.0.1"
      eventemitter3 "~2.0.3"
      extend "~3.0.1"
      parchment "1.1.0"
      quill-delta "3.6.2"

Trace: 
  SyntaxError: C:\xampp\htdocs\YesOfCourse\package.json: Unexpected token / in JSON at position 401
      at Object.parse (native)
      at C:\Users\harun\AppData\Roaming\npm\node_modules\yarn\lib\cli.js:770:59
      at next (native)
      at step (C:\Users\harun\AppData\Roaming\npm\node_modules\yarn\lib\cli.js:92:30)
      at C:\Users\harun\AppData\Roaming\npm\node_modules\yarn\lib\cli.js:103:13
